2023-07-22 17:04:27,609:INFO:FastAPI application started
2023-07-22 17:06:23,998:INFO:FastAPI application started
2023-07-22 17:06:26,741:INFO:FastAPI application started
2023-07-22 17:07:04,568:INFO:FastAPI application started
2023-07-22 17:11:05,314:INFO:FastAPI application started
2023-07-22 17:13:18,454:INFO:FastAPI application started
2023-07-22 17:13:49,355:INFO:FastAPI application started
2023-07-22 17:14:22,337:INFO:FastAPI application started
2023-07-22 17:22:53,517:INFO:FastAPI application started
2023-08-04 16:55:40,819:INFO:FastAPI application started
2023-08-04 16:55:55,686:INFO:FastAPI application started
2023-08-05 08:53:06,670:INFO:FastAPI application started
2023-08-05 08:53:06,710:ERROR:Error occurred when submitting answer
Traceback (most recent call last):
  File "g:\My Drive\PROJECTS\triviaAPI\main.py", line 226, in submit_answer
    if not allowed(name=a.team_name, question=a.id, db="comp.db"):
           ^^^^^^^^^^^^^^^^^^^^^^^^^^^^^^^^^^^^^^^^^^^^^^^^^^^^^^
TypeError: allowed() got an unexpected keyword argument 'db'
2023-08-05 08:53:34,368:INFO:FastAPI application started
2023-08-05 08:54:09,519:INFO:FastAPI application started
2023-08-05 08:54:09,546:ERROR:Error occurred when submitting answer
Traceback (most recent call last):
  File "g:\My Drive\PROJECTS\triviaAPI\main.py", line 226, in submit_answer
    if not allowed(name=a.team_name, question=a.id, db="comp.db"):
           ^^^^^^^^^^^^^^^^^^^^^^^^^^^^^^^^^^^^^^^^^^^^^^^^^^^^^^
TypeError: allowed() got an unexpected keyword argument 'db'
2023-08-05 08:54:28,782:INFO:FastAPI application started
2023-08-05 08:54:28,812:ERROR:Error occurred when submitting answer
Traceback (most recent call last):
  File "g:\My Drive\PROJECTS\triviaAPI\main.py", line 226, in submit_answer
    if not allowed(name=a.team_name, question=a.id, db="comp.db"):
           ^^^^^^^^^^^^^^^^^^^^^^^^^^^^^^^^^^^^^^^^^^^^^^^^^^^^^^
TypeError: allowed() got an unexpected keyword argument 'db'
2023-08-05 08:55:20,267:INFO:FastAPI application started
2023-08-05 08:55:20,292:ERROR:Error occurred when submitting answer
Traceback (most recent call last):
  File "g:\My Drive\PROJECTS\triviaAPI\main.py", line 226, in submit_answer
    if not allowed(name=a.team_name, question=a.id, db="comp.db"):
           ^^^^^^^^^^^^^^^^^^^^^^^^^^^^^^^^^^^^^^^^^^^^^^^^^^^^^^
TypeError: allowed() got an unexpected keyword argument 'db'
2023-08-05 08:55:37,683:INFO:FastAPI application started
2023-08-05 08:55:37,709:ERROR:Error occurred when submitting answer
Traceback (most recent call last):
  File "g:\My Drive\PROJECTS\triviaAPI\main.py", line 226, in submit_answer
    if not allowed(name=a.team_name, question=a.id, db="comp.db"):
           ^^^^^^^^^^^^^^^^^^^^^^^^^^^^^^^^^^^^^^^^^^^^^^^^^^^^^^
TypeError: allowed() got an unexpected keyword argument 'db'
2023-08-05 08:56:31,958:INFO:FastAPI application started
2023-08-05 08:56:39,148:INFO:FastAPI application started
2023-08-05 08:56:39,178:ERROR:Error occurred when submitting answer
Traceback (most recent call last):
  File "g:\My Drive\PROJECTS\triviaAPI\main.py", line 227, in submit_answer
    if not allowed(name=a.team_name, question=a.id, db="comp.db"):
           ^^^^^^^^^^^^^^^^^^^^^^^^^^^^^^^^^^^^^^^^^^^^^^^^^^^^^^
TypeError: allowed() got an unexpected keyword argument 'db'
2023-08-05 08:56:57,890:INFO:FastAPI application started
2023-08-05 08:56:57,918:ERROR:Error occurred when submitting answer
Traceback (most recent call last):
  File "g:\My Drive\PROJECTS\triviaAPI\main.py", line 227, in submit_answer
    if not allowed(name=a.team_name, question=a.id, db="comp.db"):
           ^^^^^^^^^^^^^^^^^^^^^^^^^^^^^^^^^^^^^^^^^^^^^^^^^^^^^^
TypeError: allowed() got an unexpected keyword argument 'db'
2023-08-05 08:58:22,889:INFO:FastAPI application started
2023-08-05 08:58:26,955:INFO:FastAPI application started
2023-08-05 08:58:26,980:ERROR:Error occurred when submitting answer
Traceback (most recent call last):
  File "g:\My Drive\PROJECTS\triviaAPI\main.py", line 227, in submit_answer
    if not allowed(name=a.team_name, question=a.id, db="comp.db"):
           ^^^^^^^^^^^^^^^^^^^^^^^^^^^^^^^^^^^^^^^^^^^^^^^^^^^^^^
TypeError: allowed() got an unexpected keyword argument 'db'
2023-08-05 08:59:11,816:INFO:FastAPI application started
2023-08-05 09:00:46,418:INFO:FastAPI application started
2023-08-05 09:02:08,572:INFO:FastAPI application started
2023-08-05 09:03:05,909:INFO:FastAPI application started
2023-08-05 09:03:05,947:INFO:GitTest submitted d for id 1. Correct answer is d. Current score is None.
2023-08-05 10:50:57,634:INFO:FastAPI application started
2023-08-05 10:52:07,903:INFO:FastAPI application started
2023-08-05 12:37:15,240:INFO:FastAPI application started
2023-08-05 12:37:15,271:INFO:GitTest submitted d for id 1. Correct answer is d. Current score is None.
2023-08-05 12:51:31,218:INFO:FastAPI application started
2023-08-05 12:51:31,255:INFO:GitTest submitted d for id 1. Correct answer is d. Current score is None.
2023-08-05 12:51:31,397:INFO:GitTest submitted d for id 1. Correct answer is d. Current score is None.
2023-08-05 12:51:31,544:INFO:GitTest submitted d for id 1. Correct answer is d. Current score is None.
2023-08-05 12:52:09,965:INFO:FastAPI application started
2023-08-05 12:52:10,001:INFO:GitTest submitted d for id 1. Correct answer is d. Current score is None.
2023-08-05 12:52:10,131:INFO:GitTest submitted d for id 1. Correct answer is d. Current score is None.
2023-08-05 12:52:10,263:INFO:GitTest submitted d for id 1. Correct answer is d. Current score is None.
2023-08-05 12:53:04,073:INFO:FastAPI application started
2023-08-05 12:53:04,110:INFO:GitTest submitted d for id 1. Correct answer is d. Current score is None.
2023-08-05 12:53:04,250:INFO:GitTest submitted d for id 1. Correct answer is d. Current score is None.
2023-08-05 12:53:04,479:INFO:GitTest submitted d for id 1. Correct answer is d. Current score is None.
2023-08-05 12:54:31,541:INFO:FastAPI application started
2023-08-05 12:54:31,576:INFO:GitTest submitted d for id 1. Correct answer is d. Current score is None.
2023-08-05 12:54:31,742:INFO:GitTest submitted d for id 1. Correct answer is d. Current score is None.
2023-08-05 12:54:31,868:INFO:GitTest submitted d for id 1. Correct answer is d. Current score is None.
2023-08-05 16:21:01,542:INFO:FastAPI application started
2023-08-05 16:21:01,576:INFO:GitTest submitted d for id 1. Correct answer is d. Current score is None.
2023-08-05 16:21:01,705:INFO:GitTest submitted d for id 1. Correct answer is d. Current score is None.
2023-08-05 16:21:01,833:INFO:GitTest submitted d for id 1. Correct answer is d. Current score is None.
2023-08-05 16:21:16,593:INFO:FastAPI application started
2023-08-05 16:21:16,629:INFO:GitTest submitted d for id 1. Correct answer is d. Current score is None.
2023-08-05 16:21:16,779:INFO:GitTest submitted d for id 1. Correct answer is d. Current score is None.
2023-08-05 16:21:16,909:INFO:GitTest submitted d for id 1. Correct answer is d. Current score is None.
2023-08-05 16:24:34,020:INFO:FastAPI application started
2023-08-05 16:24:34,054:INFO:GitTest submitted d for id 1. Correct answer is d. Current score is None.
